<?xml version="1.0" encoding="UTF-8"?>
<!-- Generated by org.testng.reporters.JUnitReportReporter -->
<testsuite name="testNg.InvocationCount" tests="5" time="0.103" ignored="0" failures="0" timestamp="28 Jan 2020 00:28:42 GMT" skipped="0" hostname="honey" errors="0">
  <testcase name="sum" time="0.046" classname="testNg.InvocationCount"/>
  <testcase name="sum" time="0.008" classname="testNg.InvocationCount"/>
  <testcase name="sum" time="0.019" classname="testNg.InvocationCount"/>
  <testcase name="sum" time="0.010" classname="testNg.InvocationCount"/>
  <testcase name="sum" time="0.020" classname="testNg.InvocationCount"/>
</testsuite> <!-- testNg.InvocationCount -->
