<?xml version="1.0" encoding="UTF-8"?>
<!-- Generated by org.testng.reporters.JUnitReportReporter -->
<testsuite name="testNg.TotalLinks" tests="1" time="7.266" ignored="0" failures="0" timestamp="28 Jan 2020 17:31:17 GMT" skipped="0" hostname="honey" errors="0">
  <testcase name="checklinks" time="7.266" classname="testNg.TotalLinks"/>
</testsuite> <!-- testNg.TotalLinks -->
