<?xml version="1.0" encoding="UTF-8"?>
<!-- Generated by org.testng.reporters.JUnitReportReporter -->
<testsuite name="testNg.Grouptestcase" tests="3" time="0.075" ignored="0" failures="0" timestamp="28 Jan 2020 21:20:20 GMT" skipped="0" hostname="honey" errors="0">
  <testcase name="testcase1" time="0.047" classname="testNg.Grouptestcase"/>
  <testcase name="testcase2" time="0.024" classname="testNg.Grouptestcase"/>
  <testcase name="testcase3" time="0.004" classname="testNg.Grouptestcase"/>
</testsuite> <!-- testNg.Grouptestcase -->
