<?xml version="1.0" encoding="UTF-8"?>
<!-- Generated by org.testng.reporters.JUnitReportReporter -->
<testsuite name="testNg.TestNGTest" tests="5" time="0.075" ignored="0" failures="0" timestamp="27 Jan 2020 18:53:11 GMT" skipped="0" hostname="honey" errors="0">
  <testcase name="test4" time="0.017" classname="testNg.TestNGTest"/>
  <testcase name="test3" time="0.017" classname="testNg.TestNGTest"/>
  <testcase name="test2" time="0.024" classname="testNg.TestNGTest"/>
  <testcase name="test5" time="0.007" classname="testNg.TestNGTest"/>
  <testcase name="test1" time="0.010" classname="testNg.TestNGTest"/>
</testsuite> <!-- testNg.TestNGTest -->
